    Checking native-tls v0.2.14
    Checking aws-sigv4 v1.3.7
    Checking tower-http v0.6.8
    Checking tungstenite v0.24.0
    Checking sqlx-core v0.8.6
    Checking tokio-native-tls v0.3.1
    Checking aws-runtime v1.5.18
    Checking hyper-tls v0.6.0
    Checking aws-smithy-checksums v0.63.12
    Checking lettre v0.11.19
    Checking aws-sdk-ssooidc v1.94.0
    Checking aws-sdk-sso v1.92.0
    Checking aws-sdk-sts v1.96.0
    Checking sqlx-sqlite v0.8.6
    Checking sqlx-postgres v0.8.6
    Checking sqlx-mysql v0.8.6
    Checking aws-config v1.8.12
    Checking reqwest v0.12.28
    Checking aws-sdk-s3 v1.119.0
    Checking tokio-tungstenite v0.24.0
warning: unused import: `std::collections::HashMap`
 --> oxidite-plugin/src/lib.rs:5:5
  |
5 | use std::collections::HashMap;
  |     ^^^^^^^^^^^^^^^^^^^^^^^^^
  |
  = note: `#[warn(unused_imports)]` (part of `#[warn(unused)]`) on by default

warning: unused import: `std::path::Path`
 --> oxidite-plugin/src/lib.rs:6:5
  |
6 | use std::path::Path;
  |     ^^^^^^^^^^^^^^^

warning: unused import: `std::sync::Arc`
 --> oxidite-plugin/src/lib.rs:7:5
  |
7 | use std::sync::Arc;
  |     ^^^^^^^^^^^^^^

warning: unused import: `async_trait::async_trait`
 --> oxidite-plugin/src/lib.rs:8:5
  |
8 | use async_trait::async_trait;
  |     ^^^^^^^^^^^^^^^^^^^^^^^^

warning: unused imports: `Error` and `Router`
  --> oxidite-plugin/src/lib.rs:10:20
   |
10 | use oxidite_core::{Router, Result, Error};
   |                    ^^^^^^          ^^^^^

warning: unused import: `oxidite_config::Config`
  --> oxidite-plugin/src/lib.rs:11:5
   |
11 | use oxidite_config::Config;
   |     ^^^^^^^^^^^^^^^^^^^^^^

warning: unused import: `OxiditeResponse`
 --> oxidite-plugin/src/plugin.rs:3:20
  |
3 | use oxidite_core::{OxiditeResponse, Error, Result};
  |                    ^^^^^^^^^^^^^^^

warning: unused import: `std::fs`
 --> oxidite-plugin/src/loader.rs:2:5
  |
2 | use std::fs;
  |     ^^^^^^^

warning: unused import: `PluginInfo`
 --> oxidite-plugin/src/loader.rs:4:21
  |
4 | use crate::{Plugin, PluginInfo, Result};
  |                     ^^^^^^^^^^

warning: unused imports: `Deserialize` and `Serialize`
 --> oxidite-plugin/src/manager.rs:4:13
  |
4 | use serde::{Deserialize, Serialize};
  |             ^^^^^^^^^^^  ^^^^^^^^^

warning: variable does not need to be mutable
  --> oxidite-plugin/src/loader.rs:35:13
   |
35 |         let mut plugins = Vec::new();
   |             ----^^^^^^^
   |             |
   |             help: remove this `mut`
   |
   = note: `#[warn(unused_mut)]` (part of `#[warn(unused)]`) on by default

warning: unused variable: `hook`
  --> oxidite-plugin/src/plugin.rs:45:26
   |
45 |     async fn hook(&self, hook: PluginHook) -> HookResult {
   |                          ^^^^ help: if this is intentional, prefix it with an underscore: `_hook`
   |
   = note: `#[warn(unused_variables)]` (part of `#[warn(unused)]`) on by default

warning: unused variable: `path`
  --> oxidite-plugin/src/loader.rs:16:50
   |
16 |     pub fn load_from_file<P: AsRef<Path>>(&self, path: P) -> Result<Arc<dyn Plugin>> {
   |                                                  ^^^^ help: if this is intentional, prefix it with an underscore: `_path`

warning: variable does not need to be mutable
  --> oxidite-plugin/src/loader.rs:26:13
   |
26 |         let mut plugins = Vec::new();
   |             ----^^^^^^^
   |             |
   |             help: remove this `mut`

warning: unused variable: `path`
  --> oxidite-plugin/src/loader.rs:25:50
   |
25 |     pub fn scan_directory<P: AsRef<Path>>(&self, path: P) -> Result<Vec<std::path::PathBuf>> {
   |                                                  ^^^^ help: if this is intentional, prefix it with an underscore: `_path`

warning: unused variable: `loader`
  --> oxidite-plugin/src/manager.rs:27:13
   |
27 |         let loader = PluginLoader::new();
   |             ^^^^^^ help: if this is intentional, prefix it with an underscore: `_loader`

warning: fields `config` and `hooks` are never read
  --> oxidite-plugin/src/manager.rs:12:5
   |
10 | pub struct PluginManager {
   |            ------------- fields in this struct
11 |     plugins: HashMap<String, Arc<dyn Plugin>>,
12 |     config: PluginConfig,
   |     ^^^^^^
13 |     hooks: HashMap<String, Vec<Arc<dyn Plugin>>>,
   |     ^^^^^
   |
   = note: `#[warn(dead_code)]` (part of `#[warn(unused)]`) on by default

warning: `oxidite-plugin` (lib) generated 17 warnings (run `cargo fix --lib -p oxidite-plugin` to apply 16 suggestions)
    Checking oxidite-realtime v2.0.1 (/home/bealthguy/Public/rust-oxidite/oxidite-realtime)
    Checking oxidite-mail v2.0.1 (/home/bealthguy/Public/rust-oxidite/oxidite-mail)
warning: unused import: `async_trait::async_trait`
 --> oxidite-mail/src/mailer.rs:2:5
  |
2 | use async_trait::async_trait;
  |     ^^^^^^^^^^^^^^^^^^^^^^^^
  |
  = note: `#[warn(unused_imports)]` (part of `#[warn(unused)]`) on by default

warning: field `config` is never read
  --> oxidite-mail/src/transport.rs:51:5
   |
50 | pub struct SmtpTransport {
   |            ------------- field in this struct
51 |     config: SmtpConfig,
   |     ^^^^^^
   |
   = note: `#[warn(dead_code)]` (part of `#[warn(unused)]`) on by default

warning: field `filename` is never read
 --> oxidite-mail/src/attachment.rs:6:16
  |
5 | pub struct Attachment {
  |            ---------- field in this struct
6 |     pub(crate) filename: String,
  |                ^^^^^^^^
  |
  = note: `Attachment` has derived impls for the traits `Clone` and `Debug`, but these are intentionally ignored during dead code analysis

warning: `oxidite-mail` (lib) generated 3 warnings (run `cargo fix --lib -p oxidite-mail` to apply 1 suggestion)
warning: method `cleanup` is never used
  --> oxidite-cache/src/lib.rs:88:14
   |
54 | impl MemoryCache {
   | ---------------- method in this implementation
...
88 |     async fn cleanup(&self) {
   |              ^^^^^^^
   |
   = note: `#[warn(dead_code)]` (part of `#[warn(unused)]`) on by default

warning: `oxidite-cache` (lib) generated 1 warning
warning: field `source` is never read
   --> oxidite-template/src/lib.rs:157:5
    |
156 | pub struct Template {
    |            -------- field in this struct
157 |     source: String,
    |     ^^^^^^
    |
    = note: `Template` has derived impls for the traits `Clone` and `Debug`, but these are intentionally ignored during dead code analysis
    = note: `#[warn(dead_code)]` (part of `#[warn(unused)]`) on by default

warning: `oxidite-template` (lib) generated 1 warning
    Checking universal-hash v0.5.1
    Checking unicode-ident v1.0.22
    Checking unicode-width v0.2.2
    Checking clap_lex v0.7.7
    Checking sqlx v0.8.6
    Checking oxidite-db v2.0.1 (/home/bealthguy/Public/rust-oxidite/oxidite-db)
    Checking oxidite-queue v2.0.1 (/home/bealthguy/Public/rust-oxidite/oxidite-queue)
    Checking strsim v0.11.1
    Checking opaque-debug v0.3.1
    Checking polyval v0.6.2
    Checking clap_builder v4.5.54
    Checking oxidite-auth v2.0.1 (/home/bealthguy/Public/rust-oxidite/oxidite-auth)
    Checking oxidite-middleware v2.0.1 (/home/bealthguy/Public/rust-oxidite/oxidite-middleware)
warning: unused import: `std::collections::HashMap`
 --> oxidite-middleware/src/cache.rs:1:5
  |
1 | use std::collections::HashMap;
  |     ^^^^^^^^^^^^^^^^^^^^^^^^^
  |
  = note: `#[warn(unused_imports)]` (part of `#[warn(unused)]`) on by default

warning: unused imports: `Arc` and `RwLock`
 --> oxidite-middleware/src/cache.rs:2:17
  |
2 | use std::sync::{Arc, RwLock};
  |                 ^^^  ^^^^^^

warning: unused import: `SystemTime`
 --> oxidite-middleware/src/cache.rs:3:27
  |
3 | use std::time::{Duration, SystemTime};
  |                           ^^^^^^^^^^

warning: unused import: `Response`
 --> oxidite-middleware/src/cache.rs:4:21
  |
4 | use http::{Request, Response, Method};
  |                     ^^^^^^^^

warning: unused import: `http_body_util::Full`
 --> oxidite-middleware/src/cache.rs:5:5
  |
5 | use http_body_util::Full;
  |     ^^^^^^^^^^^^^^^^^^^^

warning: unused import: `bytes::Bytes`
 --> oxidite-middleware/src/cache.rs:6:5
  |
6 | use bytes::Bytes;
  |     ^^^^^^^^^^^^

warning: unused import: `std::future::Future`
 --> oxidite-middleware/src/cache.rs:9:5
  |
9 | use std::future::Future;
  |     ^^^^^^^^^^^^^^^^^^^

warning: unused import: `std::pin::Pin`
  --> oxidite-middleware/src/cache.rs:10:5
   |
10 | use std::pin::Pin;
   |     ^^^^^^^^^^^^^

warning: unused import: `AuthError`
 --> oxidite-auth/src/jwt.rs:4:13
  |
4 | use crate::{AuthError, Result};
  |             ^^^^^^^^^
  |
  = note: `#[warn(unused_imports)]` (part of `#[warn(unused)]`) on by default

warning: unused imports: `Cookie` and `SameSite`
 --> oxidite-auth/src/session.rs:2:14
  |
2 | use cookie::{Cookie, SameSite};
  |              ^^^^^^  ^^^^^^^^

warning: unused import: `CookieJar`
 --> oxidite-auth/src/session_middleware.rs:7:22
  |
7 | use cookie::{Cookie, CookieJar, SameSite};
  |                      ^^^^^^^^^

warning: unused import: `Session`
 --> oxidite-auth/src/session_middleware.rs:8:22
  |
8 | use crate::session::{Session, SessionStore};
  |                      ^^^^^^^

warning: unused import: `OxiditeResponse`
 --> oxidite-auth/src/api_key_middleware.rs:1:36
  |
1 | use oxidite_core::{OxiditeRequest, OxiditeResponse, Result as OxiditeResult, Error};
  |                                    ^^^^^^^^^^^^^^^

warning: unused import: `rand::Rng`
 --> oxidite-auth/src/security.rs:1:5
  |
1 | use rand::Rng;
  |     ^^^^^^^^^

warning: unused import: `oxidite_db::sqlx::Row`
 --> oxidite-auth/src/security.rs:2:5
  |
2 | use oxidite_db::sqlx::Row;
  |     ^^^^^^^^^^^^^^^^^^^^^

warning: field `config` is never read
  --> oxidite-middleware/src/cache.rs:68:5
   |
66 | pub struct CacheMiddleware<S> {
   |            --------------- field in this struct
67 |     inner: S,
68 |     config: CacheConfig,
   |     ^^^^^^
   |
   = note: `#[warn(dead_code)]` (part of `#[warn(unused)]`) on by default

warning: method `should_cache_method` is never used
  --> oxidite-middleware/src/cache.rs:72:8
   |
71 | impl<S> CacheMiddleware<S> {
   | -------------------------- method in this implementation
72 |     fn should_cache_method(&self, method: &Method) -> bool {
   |        ^^^^^^^^^^^^^^^^^^^

warning: `oxidite-middleware` (lib) generated 10 warnings (run `cargo fix --lib -p oxidite-middleware` to apply 8 suggestions)
    Checking oxidite-graphql v2.0.1 (/home/bealthguy/Public/rust-oxidite/oxidite-graphql)
error[E0432]: unresolved import `http_body_util`
  --> oxidite-graphql/src/lib.rs:36:21
   |
36 |                 use http_body_util::BodyExt;
   |                     ^^^^^^^^^^^^^^ use of unresolved module or unlinked crate `http_body_util`
   |
   = help: if you wanted to use a crate named `http_body_util`, use `cargo add http_body_util` to add it to your `Cargo.toml`

warning: unused import: `std::sync::Arc`
  --> oxidite-graphql/src/lib.rs:14:5
   |
14 | use std::sync::Arc;
   |     ^^^^^^^^^^^^^^
   |
   = note: `#[warn(unused_imports)]` (part of `#[warn(unused)]`) on by default

error[E0599]: `http_body_util::combinators::box_body::BoxBody<bytes::bytes::Bytes, hyper::error::Error>` is not an iterator
  --> oxidite-graphql/src/lib.rs:40:22
   |
39 |                   let body_bytes = req.into_body()
   |  __________________________________-
40 | |                     .collect()
   | |                     -^^^^^^^ `http_body_util::combinators::box_body::BoxBody<bytes::bytes::Bytes, hyper::error::Error>` is not an iterator
   | |_____________________|
   |
   |
  ::: /home/bealthguy/.cargo/registry/src/index.crates.io-1949cf8c6b5b557f/http-body-util-0.1.3/src/combinators/box_body.rs:12:1
   |
12 |   pub struct BoxBody<D, E> {
   |   ------------------------ doesn't satisfy `_: Iterator`
   |
   = note: the following trait bounds were not satisfied:
           `http_body_util::combinators::box_body::BoxBody<bytes::bytes::Bytes, hyper::error::Error>: Iterator`
           which is required by `&mut http_body_util::combinators::box_body::BoxBody<bytes::bytes::Bytes, hyper::error::Error>: Iterator`
   = help: items from traits can only be used if the trait is in scope
help: trait `BodyExt` which provides `collect` is implemented but not in scope; perhaps you want to import it
   |
 5 + use http_body_util::BodyExt;
   |

error[E0282]: type annotations needed
  --> oxidite-graphql/src/lib.rs:39:34
   |
39 |                   let body_bytes = req.into_body()
   |  __________________________________^
40 | |                     .collect()
41 | |                     .await
   | |__________________________^ cannot infer type

error[E0599]: no method named `encode` found for struct `GeneralPurpose` in the current scope
   --> oxidite-auth/src/oauth2/provider.rs:141:18
    |
140 |               let computed_challenge = base64::engine::general_purpose::URL_SAFE_NO_PAD
    |  ______________________________________-
141 | |                 .encode(hasher.finalize());
    | |_________________-^^^^^^
    |
   ::: /home/bealthguy/.cargo/registry/src/index.crates.io-1949cf8c6b5b557f/base64-0.22.1/src/engine/mod.rs:115:8
    |
115 |       fn encode<T: AsRef<[u8]>>(&self, input: T) -> String {
    |          ------ the method is available for `GeneralPurpose` here
    |
    = help: items from traits can only be used if the trait is in scope
help: there is a method `encode_slice` with a similar name, but with different arguments
   --> /home/bealthguy/.cargo/registry/src/index.crates.io-1949cf8c6b5b557f/base64-0.22.1/src/engine/mod.rs:194:5
    |
194 | /     fn encode_slice<T: AsRef<[u8]>>(
195 | |         &self,
196 | |         input: T,
197 | |         output_buf: &mut [u8],
198 | |     ) -> Result<usize, EncodeSliceError> {
    | |________________________________________^
help: trait `Engine` which provides `encode` is implemented but not in scope; perhaps you want to import it
    |
  1 + use base64::Engine;
    |

Some errors have detailed explanations: E0282, E0432, E0599.
For more information about an error, try `rustc --explain E0282`.
warning: `oxidite-graphql` (lib) generated 1 warning
error: could not compile `oxidite-graphql` (lib) due to 3 previous errors; 1 warning emitted
warning: build failed, waiting for other jobs to finish...
warning: unused variable: `user_id`
  --> oxidite-auth/src/oauth2/provider.rs:74:62
   |
74 |     pub async fn authorize(&self, req: AuthorizationRequest, user_id: String) -> Result<String> {
   |                                                              ^^^^^^^ help: if this is intentional, prefix it with an underscore: `_user_id`
   |
   = note: `#[warn(unused_variables)]` (part of `#[warn(unused)]`) on by default

For more information about this error, try `rustc --explain E0599`.
warning: `oxidite-auth` (lib) generated 8 warnings
error: could not compile `oxidite-auth` (lib) due to 1 previous error; 8 warnings emitted
